     1 00000000                                 [FORMAT "WCOFF"]
     2 00000000                                 [INSTRSET "i486p"]
     3 00000000                                 [OPTIMIZE 1]
     4 00000000                                 [OPTION 1]
     5 00000000                                 [BITS 32]
     6 00000000                                 	EXTERN	_api_createrownum
     7 00000000                                 	EXTERN	_api_createmaxrow
     8 00000000                                 	EXTERN	_api_TASin
     9 00000000                                 	EXTERN	_api_product1
    10 00000000                                 	EXTERN	_api_createcompete1
    11 00000000                                 	EXTERN	_sprintf
    12 00000000                                 	EXTERN	_api_putstr0
    13 00000000                                 	EXTERN	_api_TASout
    14 00000000                                 [FILE "USERnum1.c"]
    15                                          [SECTION .data]
    16 00000000                                 LC0:
    17 00000000 25 64 00                        	DB	"%d",0x00
    18                                          [SECTION .text]
    19 00000000                                 	GLOBAL	_HariMain
    20 00000000                                 _HariMain:
    21 00000000 55                              	PUSH	EBP
    22 00000001 89 E5                           	MOV	EBP,ESP
    23 00000003 57                              	PUSH	EDI
    24 00000004 56                              	PUSH	ESI
    25 00000005 53                              	PUSH	EBX
    26 00000006 83 EC 44                        	SUB	ESP,68
    27 00000009 E8 [00000000]                   	CALL	_api_createrownum
    28 0000000E 89 45 B0                        	MOV	DWORD [-80+EBP],EAX
    29 00000011 E8 [00000000]                   	CALL	_api_createmaxrow
    30 00000016                                 L2:
    31 00000016 FF 75 B0                        	PUSH	DWORD [-80+EBP]
    32 00000019 BE 00007530                     	MOV	ESI,30000
    33 0000001E E8 [00000000]                   	CALL	_api_TASin
    34 00000023 E8 [00000000]                   	CALL	_api_product1
    35 00000028 E8 [00000000]                   	CALL	_api_createcompete1
    36 0000002D 5A                              	POP	EDX
    37 0000002E 89 C7                           	MOV	EDI,EAX
    38 00000030                                 L9:
    39 00000030 57                              	PUSH	EDI
    40 00000031 8D 5D B4                        	LEA	EBX,DWORD [-76+EBP]
    41 00000034 68 [00000000]                   	PUSH	LC0
    42 00000039 53                              	PUSH	EBX
    43 0000003A E8 [00000000]                   	CALL	_sprintf
    44 0000003F 53                              	PUSH	EBX
    45 00000040 E8 [00000000]                   	CALL	_api_putstr0
    46 00000045 83 C4 10                        	ADD	ESP,16
    47 00000048 4E                              	DEC	ESI
    48 00000049 79 E5                           	JNS	L9
    49 0000004B FF 75 B0                        	PUSH	DWORD [-80+EBP]
    50 0000004E E8 [00000000]                   	CALL	_api_TASout
    51 00000053 58                              	POP	EAX
    52 00000054 EB C0                           	JMP	L2
