     1 00000000                                 [FORMAT "WCOFF"]
     2 00000000                                 [INSTRSET "i486p"]
     3 00000000                                 [OPTIMIZE 1]
     4 00000000                                 [OPTION 1]
     5 00000000                                 [BITS 32]
     6 00000000                                 	EXTERN	_api_putstr0
     7 00000000                                 [FILE "hello4.c"]
     8                                          [SECTION .data]
     9 00000000                                 LC0:
    10 00000000 68 65 6C 6C 6F 2C 20 77 6F 72   	DB	"hello, world",0x0A,0x00
       0000000A 6C 64 0A 00 
    11                                          [SECTION .text]
    12 00000000                                 	GLOBAL	_HariMain
    13 00000000                                 _HariMain:
    14 00000000 55                              	PUSH	EBP
    15 00000001 89 E5                           	MOV	EBP,ESP
    16 00000003                                 L2:
    17 00000003 68 [00000000]                   	PUSH	LC0
    18 00000008 E8 [00000000]                   	CALL	_api_putstr0
    19 0000000D 58                              	POP	EAX
    20 0000000E EB F3                           	JMP	L2
